      1 
      1 1893
      4 a
      1 abaixa
      1 abeurar-se
      1 afrontada
      1 aixeca
      1 al
      1 altra
      4 amb
      1 ans
      1 avançant
      2 beu
      1 brandant
      1 buidar-li
      1 calmosa
      1 camí
      1 camins
      2 cap
      1 cauria!
      2 cega
      1 cel
      1 cingles
      1 com
      1 comes
      2 companyes
      1 cop
      1 crema
      1 cua
      1 d'altres
      1 damunt
      5 de
      1 dels
      1 d'esma
      1 després
      1 dringar
      1 d'un
      4 el
      1 ella
      4 en
      1 enorme
      2 és
      1 fan
      1 ferm
      1 font
      1 fresca
      1 gaire
      1 gesto
      1 gran
      1 ha
      7 i
      1 inoblidables
      1 joan
      5 la
      2 l'aigua
      1 l'altre
      1 l'atzar
      1 l'embanyada
      2 les
      1 l'esmolada
      1 l'esquellot
      1 l'herba
      1 li
      1 llançat
      1 llànguidament
      1 llarga
      1 llum
      1 maragall
      1 massa
      1 mentre
      1 mes
      1 morro
      1 mortes
      1 ni
      1 nines
      2 no
      1 orfe
      1 parpelleja
      1 pasturen
      2 pel
      2 pels
      1 per
      1 però
      1 pica
      1 poc
      2 posat
      1 prats
      1 que
      1 recula
      1 ribera
      1 roc
      1 se
      2 se'n
      1 sens
      2 ses
      1 set
      1 silenci
      1 soca
      1 sol
      2 sola
      1 solia
      1 sota
      1 tel
      1 testa
      1 topa
      1 topant
      2 torna
      2 tota
      1 traça
      1 tràgic
      1 ull
      3 un
      1 una
      1 va
      2 vaca
      1 vacil·lant
      1 vailet
      3 ve
      1 vegades
